0 info it worked if it ends with ok
1 verbose cli [ 'C:\\Program Files\\nodejs\\node.exe',
1 verbose cli   'C:\\Program Files\\nodejs\\node_modules\\npm\\bin\\npm-cli.js',
1 verbose cli   'run',
1 verbose cli   'build' ]
2 info using npm@3.10.10
3 info using node@v6.11.2
4 verbose run-script [ 'prebuild', 'build', 'postbuild' ]
5 info lifecycle React@1.0.0~prebuild: React@1.0.0
6 silly lifecycle React@1.0.0~prebuild: no script for prebuild, continuing
7 info lifecycle React@1.0.0~build: React@1.0.0
8 verbose lifecycle React@1.0.0~build: unsafe-perm in lifecycle true
9 verbose lifecycle React@1.0.0~build: PATH: C:\Program Files\nodejs\node_modules\npm\bin\node-gyp-bin;D:\Study\MyProjects\React\node_modules\.bin;C:\Users\palani\AppData\Roaming\npm;C:\Program Files\nodejs\;C:\Program Files\Common Files\Oracle\Java\javapath;C:\ProgramData\Oracle\Java\javapath;C:\Program Files\Intel\iCLS Client\;C:\Windows\system32;C:\Windows;C:\Windows\System32\Wbem;C:\Windows\System32\WindowsPowerShell\v1.0\;C:\Program Files\Intel\Intel(R) Management Engine Components\DAL;C:\Program Files\Intel\Intel(R) Management Engine Components\IPT;C:\Program Files\Microsoft SQL Server\100\Tools\Binn\;C:\Program Files\Microsoft SQL Server\100\DTS\Binn\;C:\Program Files\Microsoft ASP.NET\ASP.NET Web Pages\v1.0\;C:\Program Files\Windows Kits\8.0\Windows Performance Toolkit\;C:\Program Files\Microsoft SQL Server\110\Tools\Binn\;C:\Program Files\Microsoft\Web Platform Installer\;C:\Program Files\Microsoft SQL Server\100\Tools\Binn\VSShell\Common7\IDE\;C:\Program Files\Microsoft Visual Studio 9.0\Common7\IDE\PrivateAssemblies\;C:\Program Files\Microsoft SQL Server\120\Tools\Binn\;C:\Program Files\dotnet\;C:\Program Files\nodejs\;C:\Program Files\Java\jdk1.8.0_151\bin;C:\Program Files\Microsoft SQL Server\110\DTS\Binn\;C:\Program Files\Microsoft VS Code\bin;C:\Users\palani\AppData\Roaming\npm;C:\Users\palani\AppData\Local\Programs\Fiddler;C:\Users\palani\AppData\Local\atom\bin
10 verbose lifecycle React@1.0.0~build: CWD: D:\Study\MyProjects\React
11 silly lifecycle React@1.0.0~build: Args: [ '/d /s /c', 'webpack --mode production' ]
12 silly lifecycle React@1.0.0~build: Returned: code: 2  signal: null
13 info lifecycle React@1.0.0~build: Failed to exec build script
14 verbose stack Error: React@1.0.0 build: `webpack --mode production`
14 verbose stack Exit status 2
14 verbose stack     at EventEmitter.<anonymous> (C:\Program Files\nodejs\node_modules\npm\lib\utils\lifecycle.js:255:16)
14 verbose stack     at emitTwo (events.js:106:13)
14 verbose stack     at EventEmitter.emit (events.js:191:7)
14 verbose stack     at ChildProcess.<anonymous> (C:\Program Files\nodejs\node_modules\npm\lib\utils\spawn.js:40:14)
14 verbose stack     at emitTwo (events.js:106:13)
14 verbose stack     at ChildProcess.emit (events.js:191:7)
14 verbose stack     at maybeClose (internal/child_process.js:891:16)
14 verbose stack     at Process.ChildProcess._handle.onexit (internal/child_process.js:226:5)
15 verbose pkgid React@1.0.0
16 verbose cwd D:\Study\MyProjects\React
17 error Windows_NT 6.2.9200
18 error argv "C:\\Program Files\\nodejs\\node.exe" "C:\\Program Files\\nodejs\\node_modules\\npm\\bin\\npm-cli.js" "run" "build"
19 error node v6.11.2
20 error npm  v3.10.10
21 error code ELIFECYCLE
22 error React@1.0.0 build: `webpack --mode production`
22 error Exit status 2
23 error Failed at the React@1.0.0 build script 'webpack --mode production'.
23 error Make sure you have the latest version of node.js and npm installed.
23 error If you do, this is most likely a problem with the React package,
23 error not with npm itself.
23 error Tell the author that this fails on your system:
23 error     webpack --mode production
23 error You can get information on how to open an issue for this project with:
23 error     npm bugs React
23 error Or if that isn't available, you can get their info via:
23 error     npm owner ls React
23 error There is likely additional logging output above.
24 verbose exit [ 1, true ]
